SF:lib/core/state/ui_state.dart
DA:12,6
DA:21,2
DA:29,2
DA:30,2
DA:31,2
DA:32,2
DA:33,2
DA:34,2
DA:35,2
DA:39,2
DA:42,2
DA:43,6
DA:44,6
DA:45,6
DA:46,6
DA:49,0
DA:51,0
DA:52,0
DA:53,0
DA:54,0
DA:57,0
DA:59,0
DA:67,4
DA:70,6
DA:73,6
DA:76,6
DA:79,6
DA:82,8
DA:85,2
DA:86,6
DA:87,6
DA:88,4
DA:95,1
DA:96,5
DA:97,3
DA:102,2
DA:103,6
DA:104,4
DA:107,0
DA:109,2
DA:114,0
DA:115,0
DA:116,0
DA:121,2
DA:122,6
DA:125,2
DA:127,0
DA:130,6
DA:134,2
DA:135,6
DA:139,8
DA:142,10
DA:145,0
DA:146,0
DA:147,0
DA:152,2
DA:153,6
DA:154,2
DA:157,4
DA:158,0
DA:161,6
DA:165,0
DA:166,0
DA:167,0
DA:172,2
DA:173,4
DA:174,2
DA:176,2
DA:177,4
DA:182,1
DA:183,1
DA:187,2
DA:188,2
DA:189,2
DA:190,2
DA:191,2
DA:192,2
DA:193,2
DA:194,4
DA:195,2
DA:196,2
DA:206,2
DA:209,2
DA:210,6
DA:211,6
DA:212,4
DA:215,2
DA:220,2
DA:221,6
DA:222,6
DA:224,0
DA:226,2
DA:231,2
DA:232,6
DA:235,2
DA:237,0
DA:240,6
DA:241,2
DA:245,2
DA:246,6
DA:247,2
DA:249,4
DA:250,0
DA:253,6
DA:254,2
LF:105
LH:83
end_of_record
SF:lib/core/state/app_state.dart
DA:10,2
DA:13,4
DA:16,2
DA:19,4
DA:22,4
DA:25,0
DA:28,2
DA:30,2
DA:32,4
DA:33,2
DA:34,2
DA:37,2
DA:43,1
DA:45,1
DA:47,2
DA:48,1
DA:51,1
DA:57,1
DA:59,1
DA:61,2
DA:62,0
DA:63,0
DA:66,0
DA:72,1
DA:73,1
DA:77,0
DA:79,0
DA:81,0
DA:82,0
DA:86,1
DA:92,1
DA:95,1
DA:97,1
DA:99,1
DA:100,1
DA:105,0
DA:106,0
DA:108,0
DA:112,0
DA:113,0
DA:120,2
DA:122,2
DA:123,2
DA:134,1
DA:135,2
DA:136,3
DA:137,0
DA:142,0
DA:143,0
DA:144,0
DA:145,0
DA:152,0
DA:153,0
DA:157,0
LF:54
LH:33
end_of_record
SF:lib/core/network/api_response.dart
DA:7,1
DA:14,1
DA:19,1
DA:27,1
DA:32,1
DA:40,2
DA:41,2
DA:43,0
DA:45,0
LF:9
LH:7
end_of_record
SF:lib/core/network/network_exceptions.dart
DA:5,1
DA:10,0
DA:12,0
DA:17,2
DA:21,0
DA:25,0
DA:29,0
DA:33,1
DA:36,1
DA:43,0
DA:47,2
DA:54,0
DA:61,0
DA:68,0
DA:75,0
LF:15
LH:5
end_of_record
SF:lib/core/network/treasure_api.dart
DA:6,6
DA:7,4
DA:8,2
DA:12,2
DA:19,4
DA:28,1
DA:30,2
DA:35,0
DA:36,0
DA:37,0
DA:41,0
DA:42,0
DA:47,0
DA:48,0
DA:50,0
DA:56,0
DA:57,0
DA:58,0
DA:61,0
DA:63,0
DA:68,1
DA:70,2
DA:75,0
DA:76,0
DA:77,0
DA:78,0
DA:79,0
DA:83,0
DA:84,0
DA:86,0
DA:92,0
DA:93,0
DA:94,0
DA:97,0
DA:99,0
DA:105,1
DA:107,2
DA:109,1
DA:114,0
DA:116,0
DA:122,1
DA:124,2
DA:126,1
DA:127,0
DA:130,0
DA:131,0
DA:132,0
DA:133,0
DA:134,0
DA:138,0
DA:139,0
DA:140,0
DA:143,0
DA:145,0
DA:150,1
DA:152,2
DA:154,1
DA:155,0
DA:158,0
DA:159,0
DA:160,0
DA:161,0
DA:162,0
DA:166,0
DA:167,0
DA:168,0
DA:171,0
DA:173,0
DA:178,1
DA:180,2
DA:182,1
DA:183,0
DA:186,0
DA:187,0
DA:188,0
DA:189,0
DA:190,0
DA:194,0
DA:195,0
DA:196,0
DA:199,0
DA:201,0
DA:206,1
DA:208,2
DA:215,0
DA:217,0
DA:222,1
DA:224,2
DA:231,0
DA:233,0
DA:238,1
DA:240,2
DA:242,1
DA:243,0
DA:246,0
DA:247,0
DA:248,0
DA:249,0
DA:250,0
DA:254,0
DA:255,0
DA:256,0
DA:259,0
DA:261,0
LF:104
LH:28
end_of_record
SF:lib/toy_model.dart
DA:7,5
DA:14,2
DA:15,2
DA:16,2
DA:17,2
DA:18,2
DA:19,2
DA:23,3
DA:24,3
DA:25,3
DA:26,3
DA:27,3
DA:28,3
DA:37,1
DA:42,1
DA:43,1
DA:44,1
DA:45,1
DA:49,1
DA:50,1
DA:51,1
DA:52,1
DA:62,0
DA:68,0
DA:69,0
DA:70,0
DA:71,0
DA:72,0
DA:76,0
DA:77,0
DA:78,0
DA:79,0
DA:80,0
DA:101,4
DA:118,2
DA:120,2
DA:121,2
DA:122,2
DA:123,2
DA:124,2
DA:125,2
DA:126,2
DA:127,2
DA:128,2
DA:129,6
DA:130,2
DA:131,2
DA:132,2
DA:133,2
DA:134,2
DA:138,2
DA:139,2
DA:140,2
DA:141,2
DA:142,2
DA:143,2
DA:144,2
DA:145,2
DA:146,2
DA:147,2
DA:148,2
DA:149,2
DA:150,2
DA:151,2
DA:152,2
DA:153,2
DA:159,0
DA:162,0
DA:163,0
DA:164,0
DA:174,0
DA:180,0
DA:181,0
DA:182,0
DA:183,0
DA:184,0
DA:188,0
DA:189,0
DA:190,0
DA:191,0
DA:192,0
LF:81
LH:55
end_of_record
SF:lib/components/common_image.dart
DA:9,2
DA:13,2
DA:15,2
DA:17,2
DA:18,2
DA:19,2
LF:6
LH:6
end_of_record
SF:lib/core/image/optimized_image.dart
DA:19,2
DA:31,2
DA:33,2
DA:34,2
DA:45,2
DA:46,4
DA:48,2
DA:50,2
DA:51,2
DA:54,1
DA:56,1
DA:57,4
DA:58,0
DA:62,2
DA:63,2
DA:65,4
DA:66,2
DA:67,2
DA:68,2
DA:72,4
DA:73,4
DA:74,4
DA:77,0
DA:79,0
DA:80,0
DA:81,0
DA:82,0
DA:85,0
DA:87,0
DA:88,0
DA:89,0
DA:91,0
DA:95,2
DA:96,6
DA:97,2
DA:107,0
DA:108,0
DA:109,0
DA:110,0
DA:112,0
DA:113,0
DA:115,0
DA:119,0
DA:121,0
DA:122,0
DA:131,0
DA:132,0
DA:133,0
DA:134,0
DA:135,0
DA:136,0
DA:137,0
DA:139,0
DA:141,0
DA:145,0
DA:146,0
DA:147,0
DA:152,0
DA:153,0
DA:154,0
DA:155,0
DA:156,0
DA:157,0
DA:158,0
DA:159,0
DA:160,0
DA:161,0
DA:162,0
DA:164,0
DA:165,0
DA:166,0
DA:170,2
DA:172,2
DA:174,14
DA:176,2
DA:177,4
DA:179,2
DA:180,2
DA:181,2
DA:184,2
DA:185,2
DA:186,0
DA:187,0
DA:188,0
DA:189,0
DA:190,0
DA:194,2
DA:196,2
DA:208,2
DA:215,2
DA:217,2
DA:219,16
DA:221,2
DA:222,4
DA:223,4
DA:224,2
DA:226,2
DA:227,2
DA:228,2
LF:99
LH:47
end_of_record
SF:lib/components/interactive_feedback.dart
DA:5,1
DA:7,1
DA:8,1
DA:10,1
DA:11,1
DA:13,1
DA:14,1
DA:16,0
DA:17,0
DA:22,1
DA:23,1
DA:28,1
DA:30,1
DA:33,1
DA:34,1
DA:39,1
DA:41,1
DA:44,1
DA:45,1
DA:50,1
DA:52,1
DA:55,1
DA:56,1
DA:61,1
DA:63,1
DA:66,1
DA:73,2
DA:75,1
DA:78,1
DA:79,2
DA:84,0
DA:88,1
DA:106,1
DA:113,1
DA:115,1
DA:116,1
DA:126,1
DA:128,1
DA:130,2
DA:135,2
DA:140,2
DA:143,2
DA:144,1
DA:148,2
DA:151,2
DA:152,1
DA:156,2
DA:157,2
DA:160,1
DA:161,0
DA:162,0
DA:167,0
DA:168,0
DA:169,0
DA:172,1
DA:174,2
DA:175,2
DA:176,1
DA:179,1
DA:181,1
DA:182,4
DA:185,1
DA:186,1
DA:187,1
DA:188,1
DA:189,1
DA:190,1
DA:191,1
DA:193,1
DA:194,2
DA:195,1
DA:196,4
DA:197,1
DA:198,1
DA:199,1
DA:205,1
DA:206,1
DA:207,1
DA:208,2
DA:209,2
DA:213,1
DA:214,1
DA:215,2
DA:216,1
DA:217,2
DA:240,0
DA:247,0
DA:249,0
DA:250,0
DA:258,0
DA:260,0
DA:261,0
DA:262,0
DA:265,0
DA:267,0
DA:268,0
DA:269,0
DA:274,0
DA:276,0
DA:277,0
DA:280,0
DA:282,0
DA:283,0
DA:284,0
DA:285,0
DA:286,0
DA:289,0
DA:290,0
DA:291,0
DA:293,0
DA:294,0
DA:296,0
DA:297,0
DA:298,0
DA:299,0
DA:300,0
DA:301,0
DA:316,0
DA:323,0
DA:325,0
DA:327,0
DA:329,0
DA:330,0
DA:331,0
DA:332,0
DA:334,0
DA:336,0
DA:337,0
DA:338,0
DA:339,0
DA:355,0
DA:365,0
DA:367,0
DA:368,0
DA:376,0
DA:378,0
DA:379,0
DA:383,0
DA:384,0
DA:389,0
DA:391,0
DA:392,0
DA:393,0
DA:394,0
DA:396,0
DA:401,0
DA:403,0
DA:404,0
DA:407,0
DA:409,0
DA:410,0
DA:411,0
DA:412,0
DA:413,0
DA:414,0
DA:415,0
DA:416,0
DA:418,0
DA:419,0
DA:420,0
DA:421,0
DA:422,0
DA:423,0
DA:426,0
DA:428,0
DA:429,0
DA:433,0
DA:434,0
DA:435,0
DA:436,0
DA:454,0
DA:459,0
DA:461,0
DA:462,0
DA:466,0
DA:468,0
DA:469,0
DA:470,0
DA:471,0
DA:473,0
DA:476,0
LF:181
LH:77
end_of_record
SF:lib/components/swiper_item.dart
DA:16,1
DA:21,1
DA:23,1
DA:24,1
DA:29,0
DA:31,0
DA:32,0
DA:33,0
DA:34,0
DA:35,0
DA:36,0
DA:37,0
DA:38,0
DA:40,0
DA:43,0
DA:44,0
DA:45,0
DA:47,0
DA:48,0
DA:49,0
DA:50,0
DA:53,0
DA:55,0
DA:56,0
DA:57,0
DA:60,0
DA:61,0
DA:62,0
DA:63,0
DA:71,0
DA:72,0
DA:73,0
DA:74,0
DA:77,0
DA:78,0
DA:79,0
DA:80,0
DA:83,0
DA:84,0
DA:85,0
DA:86,0
DA:89,0
DA:90,0
DA:91,0
DA:92,0
DA:98,0
DA:103,0
DA:107,0
DA:109,0
DA:110,0
DA:111,0
DA:112,0
DA:114,0
DA:117,0
DA:118,0
DA:119,0
DA:122,0
DA:123,0
DA:127,0
DA:129,0
DA:132,0
DA:134,0
DA:135,0
DA:137,0
DA:143,1
DA:145,2
DA:146,3
DA:148,1
DA:149,1
DA:151,1
DA:153,1
DA:155,1
DA:156,1
DA:158,1
DA:159,1
DA:160,1
DA:161,1
DA:163,1
DA:164,1
DA:166,1
DA:167,1
DA:169,4
DA:173,1
DA:176,1
DA:177,1
DA:178,1
DA:179,2
DA:180,0
DA:182,2
DA:183,1
DA:189,1
DA:197,1
DA:198,1
DA:199,1
DA:200,0
DA:201,1
DA:202,2
DA:207,1
DA:209,1
DA:211,1
DA:213,1
DA:214,2
DA:221,2
DA:222,1
DA:223,0
DA:224,1
DA:225,2
DA:226,2
DA:229,1
DA:230,0
DA:231,1
DA:233,2
DA:237,1
DA:239,1
DA:240,1
DA:241,0
DA:242,1
DA:243,2
DA:244,2
DA:247,2
DA:248,1
DA:249,0
DA:250,1
DA:251,2
DA:252,2
DA:255,1
DA:256,0
DA:262,1
DA:263,5
DA:267,1
DA:268,1
DA:269,1
DA:270,1
DA:271,1
DA:273,1
DA:274,1
DA:277,1
DA:279,0
DA:280,0
DA:281,0
DA:282,0
DA:283,0
DA:284,0
DA:287,1
DA:289,1
DA:290,1
DA:291,0
DA:293,0
DA:296,0
DA:298,0
DA:302,1
DA:308,1
DA:309,1
DA:310,1
DA:312,1
DA:313,1
DA:316,0
DA:317,0
DA:318,0
DA:320,0
DA:322,0
DA:323,0
DA:324,0
DA:326,0
DA:327,0
LF:165
LH:79
end_of_record
SF:lib/tools.dart
DA:11,2
DA:12,10
DA:13,2
DA:14,4
DA:17,1
DA:18,1
DA:19,1
DA:20,1
DA:21,1
DA:22,1
DA:23,1
DA:25,1
DA:29,1
DA:30,1
DA:31,1
DA:32,1
DA:33,1
DA:35,2
DA:36,1
DA:37,1
DA:39,0
DA:43,1
DA:45,1
DA:46,1
DA:48,1
DA:49,1
DA:50,1
DA:52,1
DA:53,4
DA:55,1
DA:68,1
DA:71,3
DA:72,1
DA:75,0
DA:76,0
DA:77,0
DA:79,0
DA:81,0
DA:82,0
DA:84,0
DA:85,0
DA:87,0
DA:89,0
DA:90,0
DA:93,0
DA:94,0
DA:95,0
DA:96,0
DA:97,0
DA:114,1
DA:116,1
DA:117,1
DA:119,1
DA:120,0
DA:121,0
DA:122,0
DA:124,0
DA:127,3
DA:130,1
DA:131,0
DA:132,0
DA:133,0
DA:135,0
DA:138,3
DA:141,2
DA:143,1
DA:144,0
DA:145,0
DA:146,0
DA:148,0
DA:151,3
DA:157,4
DA:159,4
DA:163,0
DA:165,0
DA:168,0
DA:171,1
DA:174,1
DA:177,0
DA:179,0
DA:182,0
DA:185,1
DA:186,1
DA:187,0
DA:190,4
DA:192,4
DA:193,2
LF:87
LH:51
end_of_record
SF:lib/dao.dart
DA:8,3
DA:11,1
DA:13,3
DA:18,1
DA:19,1
DA:21,2
DA:22,0
DA:23,0
DA:25,0
DA:28,0
DA:30,0
DA:31,0
DA:34,0
DA:36,0
DA:40,1
DA:41,1
DA:43,2
DA:44,0
DA:45,0
DA:47,0
DA:49,0
DA:50,0
DA:52,0
DA:56,1
DA:57,1
DA:59,2
DA:60,0
DA:61,0
DA:63,0
DA:65,0
DA:66,0
DA:68,0
DA:72,1
DA:73,1
DA:75,2
DA:76,0
DA:77,0
DA:79,0
DA:81,0
DA:82,0
DA:84,0
DA:88,1
DA:89,1
DA:91,2
DA:92,0
DA:93,0
DA:95,0
DA:97,0
DA:98,0
DA:100,0
DA:104,1
DA:105,1
DA:107,2
DA:108,0
DA:109,0
DA:111,0
DA:113,0
DA:114,0
DA:116,0
DA:120,1
DA:121,1
DA:123,2
DA:124,0
DA:125,0
DA:127,0
DA:129,0
DA:130,0
DA:132,0
DA:136,1
DA:137,1
DA:139,2
DA:140,0
DA:141,0
DA:143,0
DA:145,0
DA:146,0
DA:148,0
DA:152,1
DA:153,1
DA:155,2
DA:156,0
DA:157,0
DA:159,0
DA:161,0
DA:162,0
DA:164,0
LF:86
LH:30
end_of_record
SF:lib/core/config/app_config.dart
DA:8,1
DA:10,0
DA:12,0
DA:13,0
DA:14,0
DA:16,0
DA:18,0
DA:23,3
DA:24,0
DA:25,0
LF:10
LH:2
end_of_record
SF:lib/core/config/environment_config.dart
DA:7,0
DA:10,0
DA:11,0
DA:13,0
DA:14,0
DA:16,0
DA:17,0
DA:23,0
DA:25,0
DA:27,0
DA:29,0
DA:34,0
DA:35,0
DA:36,0
LF:14
LH:0
end_of_record
SF:lib/core/image/image_cache_manager.dart
DA:8,9
DA:9,6
DA:10,3
DA:27,3
DA:28,3
DA:30,3
DA:33,6
DA:34,0
DA:39,3
DA:40,0
DA:43,0
DA:44,0
DA:49,0
DA:50,0
DA:51,0
DA:55,0
DA:56,0
DA:57,0
DA:60,0
DA:61,0
DA:65,3
DA:66,2
DA:72,0
DA:74,0
DA:76,0
DA:79,0
DA:80,0
DA:83,0
DA:84,0
DA:85,0
DA:87,0
DA:88,0
DA:90,0
DA:96,1
DA:97,1
DA:99,2
DA:100,1
DA:101,1
DA:103,2
DA:108,2
DA:109,0
DA:110,0
DA:115,1
DA:116,2
DA:117,2
DA:121,1
DA:122,1
DA:123,2
DA:124,2
DA:129,1
DA:130,1
DA:131,2
DA:132,0
LF:53
LH:27
end_of_record
SF:lib/core/network/api_client.dart
DA:10,6
DA:11,4
DA:12,2
DA:16,2
DA:22,3
DA:23,6
DA:28,2
DA:34,2
DA:37,2
DA:38,2
DA:40,8
DA:43,8
DA:50,8
DA:55,4
DA:60,8
DA:61,1
DA:62,5
DA:63,1
DA:65,0
DA:66,0
DA:67,0
DA:69,0
DA:70,0
DA:71,0
DA:76,1
DA:83,2
DA:88,0
DA:89,0
DA:90,0
DA:92,0
DA:96,1
DA:104,2
DA:110,0
DA:111,0
DA:112,0
DA:114,0
DA:118,0
DA:126,0
DA:132,0
DA:133,0
DA:134,0
DA:136,0
DA:140,0
DA:148,0
DA:154,0
DA:155,0
DA:156,0
DA:158,0
DA:162,0
DA:163,0
DA:165,0
DA:166,0
DA:168,0
DA:171,0
DA:173,0
DA:177,0
DA:178,0
DA:179,0
DA:184,0
DA:185,0
DA:186,0
DA:187,0
DA:188,0
DA:189,0
DA:190,0
DA:191,0
DA:192,0
DA:193,0
DA:194,0
DA:195,0
DA:197,0
DA:198,0
DA:199,0
DA:200,0
DA:201,0
DA:203,0
DA:207,0
DA:208,0
DA:211,0
DA:212,0
DA:215,0
DA:216,0
LF:82
LH:22
end_of_record
SF:lib/core/network/retry_interceptor.dart
DA:9,2
DA:15,0
DA:17,0
DA:18,0
DA:20,0
DA:21,0
DA:23,0
DA:24,0
DA:26,0
DA:29,0
DA:30,0
DA:31,0
DA:34,0
DA:35,0
DA:37,0
DA:43,0
DA:46,0
DA:47,0
DA:48,0
DA:49,0
DA:50,0
DA:51,0
LF:22
LH:1
end_of_record
SF:lib/core/network/cache_interceptor.dart
DA:10,2
DA:15,1
DA:17,4
DA:18,1
DA:21,1
DA:22,1
DA:25,0
DA:26,0
DA:29,1
DA:32,0
DA:34,0
DA:36,0
DA:37,0
DA:38,0
DA:39,0
DA:40,0
DA:43,0
DA:46,1
DA:47,2
DA:48,1
DA:49,1
DA:50,3
DA:53,1
DA:55,1
DA:56,0
DA:57,0
DA:58,0
DA:61,0
DA:62,0
DA:64,0
DA:65,0
DA:66,0
DA:67,0
DA:68,0
DA:69,0
DA:70,0
DA:74,0
DA:75,0
DA:79,3
DA:85,0
DA:87,0
DA:88,0
DA:89,0
DA:90,0
DA:91,0
DA:94,0
DA:95,0
DA:97,0
DA:101,0
DA:103,0
DA:104,0
DA:105,0
DA:106,0
DA:108,0
DA:110,0
LF:55
LH:15
end_of_record
SF:lib/core/performance/performance_manager.dart
DA:10,2
DA:12,1
DA:34,0
DA:38,0
DA:40,0
DA:41,0
DA:42,0
DA:45,0
DA:49,0
DA:53,0
DA:58,0
DA:59,0
DA:60,0
DA:61,0
DA:62,0
DA:63,0
DA:66,0
DA:71,1
DA:72,1
DA:76,1
DA:77,1
DA:80,2
DA:83,3
DA:84,2
DA:87,1
DA:88,4
DA:93,1
DA:94,2
DA:96,1
DA:97,1
DA:98,3
DA:101,0
DA:102,0
DA:108,1
DA:109,2
DA:111,1
DA:112,1
DA:113,3
DA:116,0
DA:117,0
DA:123,0
DA:125,0
DA:126,0
DA:127,0
DA:128,0
DA:129,0
DA:130,0
DA:133,0
DA:136,0
DA:137,0
DA:141,0
DA:142,0
DA:143,0
DA:145,0
DA:147,0
DA:148,0
DA:150,0
DA:155,0
DA:161,0
DA:162,0
DA:165,0
DA:166,0
DA:169,0
DA:171,0
DA:174,0
DA:175,0
DA:177,0
DA:180,0
DA:185,0
DA:190,0
DA:193,0
DA:198,0
DA:199,0
DA:201,0
DA:202,0
DA:204,0
DA:207,0
DA:208,0
DA:209,0
DA:212,0
DA:213,0
DA:214,0
DA:215,0
DA:216,0
DA:218,0
DA:222,0
DA:223,0
DA:224,0
DA:226,0
DA:227,0
DA:228,0
DA:234,0
DA:238,0
DA:239,0
DA:242,0
DA:244,0
DA:246,0
DA:252,1
DA:253,1
DA:254,3
DA:255,5
DA:257,2
DA:258,1
DA:260,1
DA:261,1
DA:262,1
DA:268,1
DA:269,2
DA:270,2
DA:273,2
DA:278,0
DA:279,0
DA:281,0
DA:286,0
DA:289,0
DA:290,0
DA:291,0
DA:295,0
DA:296,0
DA:300,0
DA:301,0
DA:302,0
DA:317,1
DA:333,0
DA:340,0
DA:342,0
DA:343,0
DA:344,0
DA:346,0
DA:347,0
DA:348,0
DA:349,0
DA:350,0
DA:360,1
DA:367,1
DA:368,1
DA:370,2
DA:371,2
DA:372,5
DA:380,0
DA:381,0
DA:383,0
DA:384,0
DA:386,0
DA:388,0
DA:396,1
DA:397,1
DA:398,4
DA:399,1
DA:402,2
DA:403,1
DA:404,2
DA:405,5
DA:408,1
DA:409,2
DA:410,5
DA:411,5
DA:412,3
DA:414,5
DA:416,1
DA:420,2
DA:421,0
DA:422,0
DA:423,0
DA:424,0
DA:425,0
DA:426,0
DA:430,1
DA:431,1
DA:432,1
DA:433,2
DA:434,5
DA:438,1
DA:444,0
DA:445,0
DA:446,0
LF:176
LH:63
end_of_record
SF:lib/core/performance/memory_optimizer.dart
DA:8,2
DA:10,1
DA:28,0
DA:29,0
DA:32,0
DA:37,0
DA:38,0
DA:39,0
DA:40,0
DA:41,0
DA:44,0
DA:49,0
DA:50,0
DA:51,0
DA:52,0
DA:57,0
DA:59,0
DA:60,0
DA:63,0
DA:64,0
DA:68,0
DA:69,0
DA:72,0
DA:75,0
DA:76,0
DA:81,0
DA:82,0
DA:83,0
DA:84,0
DA:92,0
DA:93,0
DA:94,0
DA:96,0
DA:97,0
DA:98,0
DA:102,0
DA:103,0
DA:104,0
DA:107,0
DA:108,0
DA:113,0
DA:114,0
DA:119,0
DA:120,0
DA:121,0
DA:122,0
DA:127,0
DA:128,0
DA:131,0
DA:137,0
DA:138,0
DA:141,0
DA:142,0
DA:143,0
DA:144,0
DA:148,0
DA:149,0
DA:150,0
DA:153,0
DA:154,0
DA:159,1
DA:160,3
DA:164,1
DA:165,5
DA:169,1
DA:170,2
DA:171,2
DA:172,2
DA:175,2
DA:180,1
DA:181,4
DA:182,2
DA:183,5
DA:184,2
DA:186,1
DA:191,1
DA:204,1
DA:212,1
DA:214,1
DA:215,2
DA:216,2
DA:217,3
DA:225,0
DA:226,0
DA:230,0
DA:231,0
DA:234,0
DA:235,0
DA:243,0
DA:245,0
DA:246,0
DA:249,0
DA:251,0
DA:252,0
DA:255,0
DA:256,0
DA:257,0
DA:258,0
DA:262,0
DA:263,0
DA:267,0
DA:268,0
DA:269,0
DA:277,0
DA:280,0
DA:282,0
DA:283,0
DA:296,0
DA:304,0
DA:306,0
DA:307,0
DA:313,0
DA:316,0
DA:318,0
DA:321,0
DA:322,0
DA:325,0
DA:326,0
DA:327,0
DA:328,0
DA:329,0
DA:330,0
DA:331,0
DA:336,0
DA:337,0
DA:338,0
DA:340,0
DA:342,0
DA:345,0
DA:346,0
DA:347,0
DA:348,0
DA:349,0
DA:364,0
DA:372,0
DA:374,0
DA:375,0
DA:384,0
DA:386,0
DA:387,0
DA:390,0
DA:391,0
DA:392,0
DA:393,0
DA:396,0
DA:397,0
DA:402,0
DA:404,0
DA:405,0
DA:406,0
DA:407,0
DA:408,0
DA:409,0
DA:410,0
DA:411,0
DA:415,0
DA:416,0
DA:417,0
DA:418,0
DA:419,0
DA:420,0
DA:425,0
DA:426,0
DA:427,0
DA:428,0
DA:429,0
LF:166
LH:24
end_of_record
SF:lib/core/performance/widget_performance_optimizer.dart
DA:9,2
DA:11,1
DA:17,1
DA:18,2
DA:19,1
DA:21,1
DA:22,2
DA:25,2
DA:26,2
DA:29,4
DA:33,2
DA:34,1
DA:35,2
DA:40,1
DA:41,3
DA:42,5
DA:46,1
DA:47,2
DA:51,1
DA:52,2
DA:53,2
DA:63,1
DA:65,1
DA:66,2
DA:67,2
DA:70,3
DA:71,2
DA:75,1
DA:76,2
DA:77,5
DA:78,4
DA:81,1
DA:82,2
DA:83,6
DA:86,2
DA:88,4
DA:90,0
DA:92,0
DA:93,0
DA:101,0
DA:103,0
DA:105,0
DA:107,0
DA:108,0
DA:110,0
DA:111,0
DA:130,0
DA:137,0
DA:139,0
DA:140,0
DA:148,0
DA:150,0
DA:151,0
DA:154,0
DA:155,0
DA:156,0
DA:160,0
DA:162,0
DA:163,0
DA:164,0
DA:165,0
DA:166,0
DA:167,0
DA:168,0
DA:170,0
DA:171,0
DA:172,0
DA:173,0
DA:179,0
DA:180,0
DA:181,0
DA:182,0
DA:184,0
DA:186,0
DA:189,0
DA:190,0
DA:191,0
DA:192,0
DA:194,0
DA:195,0
DA:197,0
DA:200,0
DA:203,0
DA:204,0
DA:207,0
DA:209,0
DA:210,0
DA:211,0
DA:213,0
DA:214,0
DA:215,0
DA:216,0
DA:217,0
DA:218,0
DA:220,0
DA:221,0
DA:222,0
DA:223,0
DA:225,0
DA:226,0
DA:231,0
DA:235,0
DA:239,0
DA:242,0
DA:256,0
DA:265,0
DA:267,0
DA:268,0
DA:274,0
DA:275,0
DA:277,0
DA:279,0
DA:281,0
DA:282,0
DA:285,0
DA:286,0
DA:287,0
DA:288,0
DA:289,0
DA:290,0
DA:291,0
DA:292,0
DA:293,0
DA:294,0
DA:295,0
DA:296,0
DA:298,0
DA:300,0
DA:301,0
DA:308,0
DA:309,0
DA:310,0
DA:311,0
DA:312,0
DA:313,0
DA:320,0
DA:321,0
DA:322,0
DA:323,0
DA:324,0
DA:336,0
DA:341,0
DA:343,0
DA:344,0
DA:351,0
DA:353,0
DA:356,0
DA:357,0
DA:358,0
DA:361,0
DA:365,0
DA:367,0
DA:377,0
DA:382,0
DA:384,0
DA:385,0
DA:389,0
DA:391,0
DA:392,0
DA:393,0
DA:394,0
DA:395,0
DA:407,0
DA:412,0
DA:414,0
DA:415,0
DA:422,0
DA:424,0
DA:425,0
DA:428,0
DA:429,0
DA:430,0
DA:431,0
DA:432,0
DA:433,0
DA:434,0
DA:441,0
DA:443,0
DA:444,0
DA:447,0
DA:457,0
DA:462,0
DA:464,0
DA:465,0
DA:471,0
DA:473,0
DA:474,0
DA:475,0
DA:476,0
DA:477,0
DA:478,0
DA:479,0
DA:483,0
DA:484,0
DA:485,0
DA:496,0
DA:500,0
DA:502,0
DA:503,0
DA:507,0
DA:510,0
DA:511,0
DA:514,0
DA:521,0
DA:530,0
DA:535,0
DA:537,0
DA:538,0
DA:544,0
DA:546,0
DA:547,0
DA:548,0
DA:552,0
DA:553,0
DA:554,0
DA:555,0
DA:556,0
DA:557,0
LF:218
LH:36
end_of_record
SF:lib/core/state/user_state.dart
DA:13,1
DA:20,1
DA:26,1
DA:27,1
DA:28,1
DA:29,1
DA:30,1
DA:34,1
DA:35,1
DA:36,2
DA:37,1
DA:38,2
DA:39,1
DA:43,0
DA:44,0
DA:45,0
DA:46,0
DA:47,0
DA:48,0
DA:50,0
DA:55,1
DA:56,1
DA:57,1
DA:62,1
DA:65,1
DA:66,3
DA:67,3
DA:68,3
DA:71,0
DA:73,0
DA:74,0
DA:75,0
DA:78,0
DA:80,0
DA:91,1
DA:94,1
DA:95,2
DA:98,3
DA:101,7
DA:104,3
DA:107,1
DA:108,2
DA:109,2
DA:111,2
DA:114,1
DA:117,1
DA:118,1
DA:125,1
DA:126,2
DA:127,2
DA:129,1
DA:130,1
DA:131,1
DA:138,0
DA:139,0
DA:140,0
DA:144,0
DA:145,0
DA:147,0
DA:148,0
DA:149,0
DA:156,1
DA:157,2
DA:158,2
DA:159,1
DA:161,2
DA:162,1
DA:163,1
DA:170,1
DA:171,2
DA:172,2
DA:173,1
DA:175,2
DA:176,1
DA:177,1
DA:184,1
DA:185,2
DA:189,0
DA:190,0
DA:191,0
DA:193,0
DA:194,0
DA:200,1
DA:202,4
DA:204,3
DA:209,1
DA:211,2
DA:212,0
DA:214,3
DA:219,1
DA:220,1
DA:222,2
DA:226,1
DA:227,1
DA:229,1
DA:233,0
DA:234,0
DA:235,0
DA:236,0
DA:237,0
DA:241,1
DA:244,2
DA:245,0
DA:248,1
LF:104
LH:71
end_of_record
SF:lib/core/state/state_persistence.dart
DA:9,2
DA:31,1
DA:32,1
DA:35,1
DA:38,1
DA:39,1
DA:40,0
DA:43,0
DA:46,3
DA:51,1
DA:54,1
DA:55,0
DA:59,0
DA:64,0
DA:67,0
DA:72,3
DA:77,1
DA:80,1
DA:81,0
DA:84,0
DA:87,3
DA:92,0
DA:95,0
DA:96,0
DA:99,0
DA:102,0
DA:107,0
DA:110,0
DA:111,0
DA:113,0
DA:124,0
DA:125,0
DA:127,0
DA:128,0
DA:130,0
DA:131,0
DA:134,0
DA:137,0
DA:138,0
DA:139,0
DA:142,0
DA:145,0
DA:146,0
DA:147,0
DA:149,0
DA:152,0
DA:155,0
DA:160,0
DA:163,0
DA:164,0
DA:166,0
DA:168,0
DA:173,0
DA:174,0
DA:177,0
DA:182,0
DA:187,0
DA:190,0
DA:191,0
DA:193,0
DA:194,0
DA:197,0
DA:201,0
DA:206,0
DA:209,0
DA:211,0
DA:212,0
DA:213,0
DA:216,0
DA:220,0
DA:225,0
DA:228,0
DA:229,0
DA:230,0
DA:232,0
DA:245,0
DA:246,0
DA:247,0
DA:248,0
DA:249,0
DA:252,0
DA:254,0
DA:255,0
DA:258,0
DA:261,0
DA:265,0
DA:268,0
DA:271,0
DA:272,0
DA:273,0
DA:277,0
DA:279,0
DA:280,0
DA:281,0
DA:285,0
DA:287,0
DA:288,0
DA:289,0
DA:292,0
LF:99
LH:13
end_of_record
SF:lib/core/pagination/pagination_controller.dart
DA:27,1
DA:34,3
DA:35,0
DA:36,0
DA:37,2
DA:38,3
DA:39,3
DA:40,0
DA:41,0
DA:42,0
DA:43,0
DA:46,1
DA:47,1
DA:49,1
DA:50,1
DA:51,1
DA:52,1
DA:55,3
DA:57,1
DA:59,1
DA:61,1
DA:63,0
DA:64,0
DA:68,4
DA:70,1
DA:71,1
DA:73,1
DA:75,2
DA:78,0
DA:80,0
DA:81,0
DA:86,1
DA:88,4
DA:89,7
DA:93,6
DA:95,1
DA:96,1
DA:99,3
DA:101,1
DA:103,5
DA:105,1
DA:107,2
DA:108,1
DA:109,2
DA:114,1
DA:115,1
DA:117,2
DA:119,4
DA:121,1
DA:122,2
DA:123,1
DA:125,1
DA:129,0
DA:130,0
DA:131,0
DA:134,0
DA:136,0
DA:137,0
DA:138,0
DA:143,0
DA:144,0
DA:148,0
DA:149,0
DA:151,0
DA:152,0
DA:153,0
DA:154,0
DA:155,0
DA:159,0
DA:160,0
DA:162,0
DA:163,0
DA:167,0
DA:168,0
DA:170,0
DA:171,0
DA:175,0
DA:176,0
DA:178,0
DA:179,0
DA:183,0
DA:184,0
DA:186,0
DA:187,0
DA:188,0
DA:189,0
DA:194,0
DA:195,0
DA:197,0
DA:198,0
DA:201,1
DA:202,3
DA:204,1
DA:205,1
DA:208,1
DA:210,1
DA:211,1
DA:228,0
DA:240,0
DA:242,0
DA:243,0
DA:249,0
DA:251,0
DA:252,0
DA:253,0
DA:256,0
DA:257,0
DA:258,0
DA:263,0
DA:265,0
DA:266,0
DA:267,0
DA:270,0
DA:271,0
DA:272,0
DA:273,0
DA:277,0
DA:279,0
DA:280,0
DA:281,0
DA:282,0
DA:284,0
DA:285,0
DA:289,0
DA:290,0
DA:291,0
DA:292,0
DA:294,0
DA:297,0
DA:299,0
DA:300,0
DA:308,0
DA:309,0
DA:313,0
DA:314,0
DA:315,0
DA:316,0
DA:317,0
DA:318,0
DA:319,0
DA:320,0
DA:321,0
DA:322,0
DA:323,0
DA:324,0
DA:325,0
DA:326,0
DA:327,0
DA:332,0
DA:333,0
DA:335,0
DA:336,0
DA:338,0
DA:345,0
DA:346,0
LF:155
LH:48
end_of_record
SF:lib/core/storage/storage_service.dart
DA:9,4
DA:11,2
DA:21,0
DA:22,0
DA:24,0
DA:25,0
DA:27,0
DA:28,0
DA:29,0
DA:32,0
DA:34,0
DA:37,0
DA:42,0
DA:45,0
DA:48,0
DA:49,0
DA:51,0
DA:52,0
DA:55,0
DA:62,1
DA:67,1
DA:68,0
DA:76,0
DA:77,0
DA:81,0
DA:85,0
DA:86,0
DA:94,0
DA:95,0
DA:96,0
DA:100,1
DA:104,3
DA:105,1
DA:107,4
DA:108,1
DA:111,1
DA:120,0
DA:121,0
DA:122,0
DA:126,0
DA:130,0
DA:131,0
DA:137,0
DA:138,0
DA:142,0
DA:143,0
DA:147,0
DA:148,0
DA:152,0
DA:153,0
DA:154,0
DA:158,0
DA:159,0
DA:160,0
DA:161,0
DA:162,0
DA:163,0
DA:170,0
DA:171,0
DA:172,0
DA:173,0
DA:174,0
DA:175,0
DA:176,0
DA:177,0
DA:178,0
DA:183,0
DA:184,0
DA:188,0
DA:196,0
DA:197,0
DA:198,0
DA:199,0
DA:200,0
DA:206,0
DA:207,0
DA:209,0
DA:210,0
DA:211,0
DA:214,0
DA:215,0
DA:216,0
DA:219,0
DA:226,0
DA:227,0
DA:228,0
DA:231,0
DA:238,1
DA:239,1
DA:241,0
DA:242,0
DA:243,0
DA:244,0
DA:245,0
DA:246,0
DA:247,0
DA:248,0
DA:249,0
DA:250,0
DA:252,0
DA:257,0
DA:258,0
DA:260,0
DA:261,0
DA:262,0
DA:263,0
DA:264,0
DA:265,0
DA:266,0
DA:267,0
DA:268,0
DA:269,0
DA:276,0
DA:277,0
DA:283,0
DA:284,0
DA:285,0
DA:287,0
DA:289,0
DA:290,0
DA:291,0
DA:292,0
DA:297,0
DA:299,0
DA:303,0
DA:304,0
DA:306,0
DA:309,0
DA:321,1
DA:327,1
DA:328,2
DA:329,0
DA:343,1
DA:352,3
DA:353,3
DA:354,3
DA:355,0
DA:357,3
DA:358,3
DA:360,1
DA:361,1
DA:362,1
LF:142
LH:24
end_of_record
SF:lib/core/storage/storage_manager.dart
DA:12,2
DA:14,1
DA:26,0
DA:27,0
DA:28,0
DA:29,0
DA:32,0
DA:33,0
DA:36,0
DA:41,0
DA:42,0
DA:43,0
DA:44,0
DA:45,0
DA:51,0
DA:52,0
DA:53,0
DA:54,0
DA:55,0
DA:60,2
DA:61,2
DA:62,2
DA:70,1
DA:77,2
DA:78,0
DA:81,0
DA:84,0
DA:88,0
DA:89,0
DA:90,0
DA:91,0
DA:93,0
DA:97,0
DA:98,0
DA:99,0
DA:100,0
DA:101,0
DA:104,0
DA:107,0
DA:110,3
DA:115,1
DA:117,2
DA:118,0
DA:120,0
DA:125,0
DA:126,0
DA:127,0
DA:128,0
DA:132,0
DA:133,0
DA:134,0
DA:142,0
DA:143,0
DA:144,0
DA:146,0
DA:149,0
DA:152,0
DA:155,3
DA:156,1
DA:162,1
DA:164,2
DA:165,0
DA:167,0
DA:168,0
DA:171,0
DA:174,3
DA:179,0
DA:181,0
DA:183,0
DA:184,0
DA:185,0
DA:187,0
DA:189,0
DA:190,0
DA:192,0
DA:193,0
DA:199,0
DA:200,0
DA:206,0
DA:207,0
DA:212,0
DA:213,0
DA:214,0
DA:215,0
DA:216,0
DA:220,0
DA:225,0
DA:228,0
DA:233,1
DA:235,2
DA:238,0
DA:239,0
DA:240,0
DA:241,0
DA:247,3
DA:253,0
DA:254,0
DA:255,0
DA:257,0
DA:260,0
DA:262,0
DA:263,0
DA:264,0
DA:267,0
DA:269,0
DA:271,0
DA:272,0
DA:273,0
DA:275,0
DA:277,0
DA:278,0
DA:285,0
DA:288,0
DA:289,0
DA:290,0
DA:292,0
DA:296,0
DA:299,0
DA:311,1
DA:313,1
DA:316,1
DA:317,1
DA:318,0
DA:320,1
DA:324,2
DA:325,0
DA:328,1
DA:331,0
DA:334,3
DA:339,1
DA:341,1
DA:342,1
DA:345,1
DA:346,0
DA:349,2
DA:350,2
DA:353,2
DA:356,2
DA:357,5
DA:358,2
DA:361,1
DA:362,0
DA:365,0
DA:368,3
DA:373,1
DA:375,2
DA:377,0
DA:378,0
DA:381,0
DA:382,0
DA:384,0
DA:386,3
DA:387,1
DA:392,1
DA:394,1
DA:396,1
DA:398,1
DA:399,1
DA:400,0
DA:401,0
DA:402,0
DA:403,1
DA:405,0
DA:406,0
DA:411,0
DA:413,0
DA:414,0
DA:415,0
DA:418,0
DA:421,0
DA:426,0
DA:428,0
DA:429,0
DA:430,0
DA:433,0
DA:436,0
DA:439,0
DA:444,1
DA:445,1
DA:446,2
DA:448,0
DA:449,0
DA:451,0
DA:454,0
DA:460,0
DA:461,0
DA:465,1
DA:466,2
DA:467,0
DA:468,0
DA:479,1
DA:481,2
DA:482,1
DA:483,2
DA:485,0
DA:488,0
DA:490,0
DA:491,0
DA:492,0
DA:495,3
DA:496,1
DA:501,0
DA:503,0
DA:504,0
DA:506,0
DA:508,0
DA:511,0
DA:512,0
DA:514,0
DA:515,0
DA:519,0
DA:520,0
DA:521,0
DA:526,0
DA:529,0
DA:534,0
DA:536,0
DA:537,0
DA:540,0
DA:542,0
DA:544,0
DA:547,0
DA:550,0
DA:555,1
DA:557,2
DA:560,0
DA:561,0
DA:562,0
DA:563,0
DA:569,3
DA:575,2
DA:576,4
DA:577,10
DA:578,8
DA:584,0
DA:589,0
DA:591,0
DA:593,0
DA:596,0
DA:597,0
DA:600,0
DA:601,0
DA:602,0
DA:606,0
LF:244
LH:66
end_of_record
